-------------------------------------------------------------------------------
      name:  <unnamed>
       log:  /workspace/logs/01d_eth_cr_stset_death.log
  log type:  text
 opened on:   8 Jan 2021, 21:55:26

. 
. global outcomes "ons_noncoviddeath onsdeath"

. 
. ****************************************************************
. *  Create outcome specific datasets for the whole population  *
. *****************************************************************
. 
. 
. foreach i of global outcomes {
  2.         use ./output/analysis_dataset.dta, clear
  3.         drop if `i'_date <= indexdate 
  4.         stset stime_`i', fail(`i')                              ///     
>         id(patient_id) enter(indexdate) origin(indexdate)
  5.         save ./output/analysis_dataset_STSET_`i'.dta, replace
  6. }       
(0 observations deleted)

                id:  patient_id
     failure event:  ons_noncoviddeath != 0 & ons_noncoviddeath < .
obs. time interval:  (stime_ons_noncoviddeath[_n-1], stime_ons_noncoviddeath]
 enter on or after:  time indexdate
 exit on or before:  failure
    t for analysis:  (time-origin)
            origin:  time indexdate

------------------------------------------------------------------------------
     78,803  total observations
          0  exclusions
------------------------------------------------------------------------------
     78,803  observations remaining, representing
     78,803  subjects
        119  failures in single-failure-per-subject data
   22221010  total analysis time at risk and under observation
                                                at risk from t =         0
                                     earliest observed entry t =         0
                                          last observed exit t =       282
(note: file ./output/analysis_dataset_STSET_ons_noncoviddeath.dta not found)
file ./output/analysis_dataset_STSET_ons_noncoviddeath.dta saved
(0 observations deleted)

                id:  patient_id
     failure event:  onsdeath != 0 & onsdeath < .
obs. time interval:  (stime_onsdeath[_n-1], stime_onsdeath]
 enter on or after:  time indexdate
 exit on or before:  failure
    t for analysis:  (time-origin)
            origin:  time indexdate

------------------------------------------------------------------------------
     78,803  total observations
          0  exclusions
------------------------------------------------------------------------------
     78,803  observations remaining, representing
     78,803  subjects
        156  failures in single-failure-per-subject data
   22221010  total analysis time at risk and under observation
                                                at risk from t =         0
                                     earliest observed entry t =         0
                                          last observed exit t =       282
(note: file ./output/analysis_dataset_STSET_onsdeath.dta not found)
file ./output/analysis_dataset_STSET_onsdeath.dta saved

. 
. 
.         
. * Close log file 
. log close
      name:  <unnamed>
       log:  /workspace/logs/01d_eth_cr_stset_death.log
  log type:  text
 closed on:   8 Jan 2021, 21:55:28
-------------------------------------------------------------------------------
