-------------------------------------------------------------------------------
      name:  <unnamed>
       log:  /workspace/logs/01e_eth_cr_stset_icu.log
  log type:  text
 opened on:  21 Jan 2021, 11:49:02

. 
. global outcomes "icu"

. 
. ****************************************************************
. *  Create outcome specific datasets for the whole population  *
. *****************************************************************
. 
. 
. foreach i of global outcomes {
  2.         use ./output/analysis_dataset.dta, clear
  3.         drop if `i'_date <= indexdate 
  4.         stset stime_`i', fail(`i')                              ///     
>         id(patient_id) enter(indexdate) origin(indexdate)
  5.         save ./output/analysis_dataset_STSET_`i'.dta, replace
  6. }       
(0 observations deleted)

                id:  patient_id
     failure event:  icu != 0 & icu < .
obs. time interval:  (stime_icu[_n-1], stime_icu]
 enter on or after:  time indexdate
 exit on or before:  failure
    t for analysis:  (time-origin)
            origin:  time indexdate

------------------------------------------------------------------------------
     79,060  total observations
          0  exclusions
------------------------------------------------------------------------------
     79,060  observations remaining, representing
     79,060  subjects
      3,558  failures in single-failure-per-subject data
   25333089  total analysis time at risk and under observation
                                                at risk from t =         0
                                     earliest observed entry t =         0
                                          last observed exit t =       334
(note: file ./output/analysis_dataset_STSET_icu.dta not found)
file ./output/analysis_dataset_STSET_icu.dta saved

. 
. 
.         
. * Close log file 
. log close
      name:  <unnamed>
       log:  /workspace/logs/01e_eth_cr_stset_icu.log
  log type:  text
 closed on:  21 Jan 2021, 11:49:03
-------------------------------------------------------------------------------
