---------------------------------------------------------------------
      name:  <unnamed>
       log:  /Users/lsh152058/Documents/GitHub/Ethnicity-2nd-wave/log
> s/04a_eth_an_multivariable_eth16.log
  log type:  text
 opened on:   9 Jan 2021, 17:25:07

. 
. cap file close tablecontent

. file open tablecontent using ./output/table2_eth16.txt, write text 
> replace

. file write tablecontent ("Table 2: Association between ethnicity in
>  16 categories and COVID-19 outcomes - No care homes") _n

. file write tablecontent _tab ("Denominator") _tab ("Event") _tab ("
> Total person-weeks") _tab ("Rate per 1,000") _tab ("Crude") _tab _t
> ab ("Age/Sex Adjusted") _tab _tab ("Age/Sex/IMD Adjusted") _tab _ta
> b      ("plus co-morbidities") _tab _tab       ("plus hh siz")  _ta
> b _tab  _n

. file write tablecontent _tab _tab _tab _tab _tab   ("HR") _tab ("95
> % CI") _tab ("HR") _tab ("95% CI") _tab ("HR") _tab ("95% CI") _tab
>  ("HR") _tab ("95% CI") _tab ("HR") _tab ("95% CI") _tab _tab _n

. 
. 
. 
. foreach i of global outcomes {
  2. use ./output/analysis_dataset_STSET_`i'.dta, clear
  3. drop if carehome==1
  4. safetab ethnicity_16 `i', missing row
  5. } //end outcomes
(11,899 observations deleted)

**TABLE OF ethnicity_16 tested REDACTED DUE TO SMALL N**

(11,899 observations deleted)

**TABLE OF ethnicity_16 positivetest REDACTED DUE TO SMALL N**

(11,899 observations deleted)

+----------------+
| Key            |
|----------------|
|   frequency    |
| row percentage |
+----------------+

                  |      outcome hes
Eth 16 categories |         0          1 |     Total
------------------+----------------------+----------
          British |     2,754        407 |     3,161 
                  |     87.12      12.88 |    100.00 
------------------+----------------------+----------
            Irish |     2,717        436 |     3,153 
                  |     86.17      13.83 |    100.00 
------------------+----------------------+----------
      Other White |     2,718        438 |     3,156 
                  |     86.12      13.88 |    100.00 
------------------+----------------------+----------
White + Caribbean |     2,781        426 |     3,207 
                  |     86.72      13.28 |    100.00 
------------------+----------------------+----------
  White + African |     2,784        464 |     3,248 
                  |     85.71      14.29 |    100.00 
------------------+----------------------+----------
    White + Asian |     2,720        449 |     3,169 
                  |     85.83      14.17 |    100.00 
------------------+----------------------+----------
      Other mixed |     2,700        401 |     3,101 
                  |     87.07      12.93 |    100.00 
------------------+----------------------+----------
           Indian |     2,692        424 |     3,116 
                  |     86.39      13.61 |    100.00 
------------------+----------------------+----------
        Pakistani |     2,776        477 |     3,253 
                  |     85.34      14.66 |    100.00 
------------------+----------------------+----------
      Bangladeshi |     2,697        441 |     3,138 
                  |     85.95      14.05 |    100.00 
------------------+----------------------+----------
      Other Asian |     2,705        415 |     3,120 
                  |     86.70      13.30 |    100.00 
------------------+----------------------+----------
        Caribbean |     2,676        385 |     3,061 
                  |     87.42      12.58 |    100.00 
------------------+----------------------+----------
          African |     2,657        425 |     3,082 
                  |     86.21      13.79 |    100.00 
------------------+----------------------+----------
      Other Black |     2,633        396 |     3,029 
                  |     86.93      13.07 |    100.00 
------------------+----------------------+----------
          Chinese |     2,694        397 |     3,091 
                  |     87.16      12.84 |    100.00 
------------------+----------------------+----------
            Other |     2,770        391 |     3,161 
                  |     87.63      12.37 |    100.00 
------------------+----------------------+----------
          Unknown |    14,336      2,322 |    16,658 
                  |     86.06      13.94 |    100.00 
------------------+----------------------+----------
            Total |    57,810      9,094 |    66,904 
                  |     86.41      13.59 |    100.00 
(11,899 observations deleted)

**TABLE OF ethnicity_16 onscoviddeath REDACTED DUE TO SMALL N**

(11,899 observations deleted)

**TABLE OF ethnicity_16 ons_noncoviddeath REDACTED DUE TO SMALL N**

(11,899 observations deleted)

**TABLE OF ethnicity_16 onsdeath REDACTED DUE TO SMALL N**


. 
. foreach i of global outcomes {
  2.         di "`i'"
  3.         
. * Open Stata dataset
. use ./output/analysis_dataset_STSET_`i'.dta, clear
  4. drop if carehome==1
  5. 
. 
. /* Main Model======================================================
> ===========*/
. 
. /* Univariable model */ 
. 
. stcox i.ethnicity_16, strata(stp) nolog
  6. estimates save ./output/crude_`i'_eth16, replace 
  7. eststo model1
  8. parmest, label eform format(estimate p lb ub) saving(./output/cr
> ude_`i'_eth16, replace) idstr(crude_`i'_eth16) 
  9. local hr "`hr' ./output/crude_`i'_eth16 "
 10. 
. 
. /* Multivariable models */ 
. *Age and gender
. stcox i.ethnicity_16 i.male age1 age2 age3, strata(stp) nolog
 11. estimates save ./output/model0_`i'_eth16, replace 
 12. eststo model2
 13. 
. parmest, label eform format(estimate p lb ub) saving(./output/model
> 0_`i'_eth16, replace) idstr(model0_`i'_eth16)
 14. local hr "`hr' ./output/model0_`i'_eth16 "
 15.  
. 
. * Age, Gender, IMD
. 
. stcox i.ethnicity_16 i.male age1 age2 age3 i.imd, strata(stp) nolog
 16. if _rc==0{
 17. estimates
 18. estimates save ./output/model1_`i'_eth16, replace 
 19. eststo model3
 20. 
. parmest, label eform format(estimate p lb ub) saving(./output/model
> 1_`i'_eth16, replace) idstr(model1_`i'_eth16) 
 21. local hr "`hr' ./output/model1_`i'_eth16 "
 22. }
 23. else di "WARNING MODEL1 DID NOT FIT (OUTCOME `i')"
 24. 
. * Age, Gender, IMD and Comorbidities 
. stcox i.ethnicity_16 i.male age1 age2 age3      i.imd              
>                              ///
>                                                                    
>              i.bmicat_sa     i.hba1ccat                      ///
>                                                                    
>              gp_consult_count                        ///
>                                                                    
>              i.smoke_nomiss                          ///
>                                                                    
>              i.hypertension i.bp_cat         ///     
>                                                                    
>              i.asthma                                        ///
>                                                                    
>              i.chronic_respiratory_disease ///
>                                                                    
>              i.chronic_cardiac_disease       ///
>                                                                    
>              i.dm_type                                       ///   
>   
>                                                                    
>              i.cancer                    ///
>                                                                    
>              i.chronic_liver_disease         ///
>                                                                    
>              i.stroke                                        ///
>                                                                    
>              i.dementia                                      ///
>                                                                    
>              i.other_neuro                           ///
>                                                                    
>              i.egfr60                                        ///
>                                                                    
>              i.esrf                                          ///
>                                                                    
>              i.immunosuppressed                      ///
>                                                                    
>              i.ra_sle_psoriasis, strata(stp) nolog           
 25. if _rc==0{
 26. estimates
 27. estimates save ./output/model2_`i'_eth16, replace 
 28. eststo model4
 29. 
. parmest, label eform format(estimate p lb ub) saving(./output/model
> 2_`i'_eth16, replace) idstr(model2_`i'_eth16) 
 30. local hr "`hr' ./output/model2_`i'_eth16 "
 31. }
 32. else di "WARNING MODEL2 DID NOT FIT (OUTCOME `i')"
 33. 
.                                                                    
>              
. * Age, Gender, IMD and Comorbidities  and household size 
. stcox i.ethnicity_16 i.male age1 age2 age3      i.imd              
>                              ///
>                                                                    
>              i.bmicat_sa     i.hba1ccat                      ///
>                                                                    
>              gp_consult_count                        ///
>                                                                    
>              i.smoke_nomiss                          ///
>                                                                    
>              i.hypertension i.bp_cat         ///     
>                                                                    
>              i.asthma                                        ///
>                                                                    
>              i.chronic_respiratory_disease ///
>                                                                    
>              i.chronic_cardiac_disease       ///
>                                                                    
>              i.dm_type                                       ///   
>   
>                                                                    
>              i.cancer                    ///
>                                                                    
>              i.chronic_liver_disease         ///
>                                                                    
>              i.stroke                                        ///
>                                                                    
>              i.dementia                                      ///
>                                                                    
>              i.other_neuro                           ///
>                                                                    
>              i.egfr60                                        ///
>                                                                    
>              i.esrf                                          ///
>                                                                    
>              i.immunosuppressed                      ///
>                                                                    
>              i.ra_sle_psoriasis                      ///
>                                                                    
>              i.hh_total_cat, strata(stp) nolog               
 34. estimates save ./output/model3_`i'_eth16, replace
 35. eststo model5
 36. 
. parmest, label eform format(estimate p lb ub) saving(./output/model
> 3_`i'_eth16, replace) idstr(model3_`i'_eth16) 
 37. local hr "`hr' ./output/model3_`i'_eth16 "
 38. 
. 
. 
. /* Estout==========================================================
> ======*/ 
. esttab model1 model2 model3 model4 model5 using ./output/estout_tab
> le2_eth16.txt, b(a2) ci(2) label wide compress eform ///
>         title ("`i'") ///
>         varlabels(`e(labels)') ///
>         stats(N_sub) ///
>         append 
 39. eststo clear
 40. 
.                                                                    
>              
. /* Print table=====================================================
> ===========*/ 
. *  Print the results for the main model 
. 
. 
. * Column headings 
. file write tablecontent ("`i'") _n
 41. 
. * eth16 labelled columns
. 
. local lab1: label ethnicity_16 1
 42. local lab2: label ethnicity_16 2
 43. local lab3: label ethnicity_16 3
 44. local lab4: label ethnicity_16 4
 45. local lab5: label ethnicity_16 5
 46. local lab6: label ethnicity_16 6
 47. local lab7: label ethnicity_16 7
 48. local lab8: label ethnicity_16 8
 49. local lab9: label ethnicity_16 9
 50. local lab10: label ethnicity_16 10
 51. local lab11: label ethnicity_16 11
 52. local lab12: label ethnicity_16 12
 53. local lab13: label ethnicity_16 13
 54. local lab14: label ethnicity_16 14
 55. local lab15: label ethnicity_16 15
 56. local lab16: label ethnicity_16 16
 57. local lab17: label ethnicity_16 17
 58. 
. /* counts */
.  
. * First row, eth16 = 1 (White British) reference cat
.         qui safecount if ethnicity_16==1
 59.         local denominator = r(N)
 60.         qui safecount if ethnicity_16 == 1 & `i' == 1
 61.         local event = r(N)
 62.     bysort eth16: egen total_follow_up = total(_t)
 63.         qui su total_follow_up if ethnicity_16 == 1
 64.         local person_week = r(mean)/7
 65.         local rate = 1000*(`event'/`person_week')
 66.         
.         file write tablecontent  ("`lab1'") _tab (`denominator') _t
> ab (`event') _tab %10.0f (`person_week') _tab %3.2f (`rate') _tab
 67.         file write tablecontent ("1.00") _tab _tab ("1.00") _tab
>  _tab ("1.00")  _tab _tab ("1.00") _tab _tab ("1.00") _n
 68.         
. * Subsequent ethnic groups
. forvalues eth=2/17 {
 69.         qui safecount if ethnicity_16==`eth'
 70.         local denominator = r(N)
 71.         qui safecount if ethnicity_16 == `eth' & `i' == 1
 72.         local event = r(N)
 73.         qui su total_follow_up if ethnicity_16 == `eth'
 74.         local person_week = r(mean)/7
 75.         local rate = 1000*(`event'/`person_week')
 76.         file write tablecontent  ("`lab`eth''") _tab (`denominat
> or') _tab (`event') _tab %10.0f (`person_week') _tab %3.2f (`rate')
>  _tab  
 77.         cap estimates use ./output/crude_`i'_eth16 
 78.          cap lincom `eth'.ethnicity_16, eform
 79.         file write tablecontent  %4.2f (r(estimate)) _tab ("(") 
> %4.2f (r(lb)) (" - ") %4.2f (r(ub)) (")") _tab 
 80.         cap estimates clear
 81.         cap estimates use ./output/model0_`i'_eth16 
 82.          cap lincom `eth'.ethnicity_16, eform
 83.         file write tablecontent  %4.2f (r(estimate)) _tab ("(") 
> %4.2f (r(lb)) (" - ") %4.2f (r(ub)) (")") _tab 
 84.         cap estimates clear
 85.         cap estimates use ./output/model1_`i'_eth16 
 86.          cap lincom `eth'.ethnicity_16, eform
 87.         file write tablecontent  %4.2f (r(estimate)) _tab ("(") 
> %4.2f (r(lb)) (" - ") %4.2f (r(ub)) (")") _tab 
 88.         cap estimates clear
 89.         cap estimates use ./output/model2_`i'_eth16 
 90.          cap lincom `eth'.ethnicity_16, eform
 91.         file write tablecontent  %4.2f (r(estimate)) _tab ("(") 
> %4.2f (r(lb)) (" - ") %4.2f (r(ub)) (")") _tab 
 92.         cap estimates clear
 93.         cap estimates use ./output/model3_`i'_eth16 
 94.          cap lincom `eth'.ethnicity_16, eform
 95.         file write tablecontent  %4.2f (r(estimate)) _tab ("(") 
> %4.2f (r(lb)) (" - ") %4.2f (r(ub)) (")") _n
 96. }  //end ethnic group
 97. 
. 
. } //end outcomes
tested
(11,899 observations deleted)

         failure _d:  tested
   analysis time _t:  (stime_tested-origin)
             origin:  time indexdate
  enter on or after:  time indexdate
                 id:  patient_id

Stratified Cox regr. -- Breslow method for ties

No. of subjects =       66,904                  Number of obs    =   
>    66,904
No. of failures =          152
Time at risk    =     18864129
                                                LR chi2(16)      =   
>     10.10
Log likelihood  =   -1333.3594                  Prob > chi2      =   
>    0.8612

---------------------------------------------------------------------
> ---------
          _t | Haz. Ratio   Std. Err.      z    P>|z|     [95% Conf. 
> Interval]
-------------+-------------------------------------------------------
> ---------
ethnicity_16 |
      Irish  |   1.403322     .82174     0.58   0.563     .4453701   
>  4.421743
Other White  |   1.198404   .7257133     0.30   0.765      .365716   
>  3.927014
White + C..  |   .9852736   .6231729    -0.02   0.981     .2852219   
>   3.40354
White + A..  |   .9749042   .6166057    -0.04   0.968      .282225   
>  3.367661
White + A..  |   1.201083   .7273395     0.30   0.762     .3665315   
>  3.935817
Other mixed  |   1.639845   .9349185     0.87   0.386     .5364268   
>   5.01297
     Indian  |   1.014981   .6419477     0.02   0.981     .2938299   
>  3.506062
  Pakistani  |   1.362091   .7975811     0.53   0.598     .4322941   
>  4.291733
Bangladeshi  |   2.618581   1.378099     1.83   0.067     .9334659   
>  7.345708
Other Asian  |   2.011382   1.101738     1.28   0.202     .6874595   
>  5.884937
  Caribbean  |   1.858511   1.036683     1.11   0.267     .6228198   
>  5.545846
    African  |   1.230447   .7450876     0.34   0.732     .3755123   
>  4.031823
Other Black  |   1.461017   .8555394     0.65   0.517     .4636717   
>  4.603627
    Chinese  |   1.021961   .6463544     0.03   0.973     .2958551   
>  3.530119
      Other  |   1.595508   .9096657     0.82   0.413     .5219074   
>  4.877581
    Unknown  |   1.515712   .7189966     0.88   0.381     .5981898   
>  3.840561
---------------------------------------------------------------------
> ---------
                                                    Stratified by stp
(note: file ./output/crude_tested_eth16.ster not found)
file ./output/crude_tested_eth16.ster saved
(note: file ./output/crude_tested_eth16.dta not found)
file ./output/crude_tested_eth16.dta saved

         failure _d:  tested
   analysis time _t:  (stime_tested-origin)
             origin:  time indexdate
  enter on or after:  time indexdate
                 id:  patient_id

Stratified Cox regr. -- Breslow method for ties

No. of subjects =       66,904                  Number of obs    =   
>    66,904
No. of failures =          152
Time at risk    =     18864129
                                                LR chi2(20)      =   
>     16.05
Log likelihood  =    -1330.384                  Prob > chi2      =   
>    0.7133

---------------------------------------------------------------------
> ---------
          _t | Haz. Ratio   Std. Err.      z    P>|z|     [95% Conf. 
> Interval]
-------------+-------------------------------------------------------
> ---------
ethnicity_16 |
      Irish  |   1.400593     .82015     0.58   0.565     .4444995   
>  4.413193
Other White  |   1.201488   .7275795     0.30   0.762     .3666583   
>   3.93711
White + C..  |   .9837143   .6222053    -0.03   0.979     .2847599   
>   3.39828
White + A..  |   .9782818   .6187468    -0.03   0.972        .2832   
>  3.379361
White + A..  |   1.197491   .7251796     0.30   0.766     .3654263   
>  3.924144
Other mixed  |   1.630713   .9297511     0.86   0.391     .5334149   
>  4.985287
     Indian  |   1.012689   .6405118     0.02   0.984     .2931588   
>  3.498238
  Pakistani  |   1.364963   .7992853     0.53   0.595     .4331918   
>   4.30092
Bangladeshi  |   2.601216   1.369011     1.82   0.069     .9272395   
>  7.297279
Other Asian  |    2.01863   1.105731     1.28   0.200     .6899215   
>  5.906274
  Caribbean  |   1.850345   1.032156     1.10   0.270     .6200647   
>  5.521644
    African  |   1.227521   .7433479     0.34   0.735     .3746001   
>  4.022441
Other Black  |   1.451799   .8501476     0.64   0.524     .4607426   
>  4.574619
    Chinese  |   1.019733   .6449609     0.03   0.975     .2952011   
>  3.522529
      Other  |   1.596552   .9102675     0.82   0.412     .5222446   
>  4.880812
    Unknown  |   1.516645   .7194471     0.88   0.380     .5985516   
>  3.842964
             |
        male |
       Male  |   1.337656   .2185756     1.78   0.075     .9710832   
>  1.842606
        age1 |   .9685935   .0211023    -1.46   0.143     .9281044   
>  1.010849
        age2 |   1.142589   .0928161     1.64   0.101     .9744153   
>  1.339787
        age3 |   .6979448   .1516037    -1.66   0.098     .4559611   
>  1.068352
---------------------------------------------------------------------
> ---------
                                                    Stratified by stp
(note: file ./output/model0_tested_eth16.ster not found)
file ./output/model0_tested_eth16.ster saved
(note: file ./output/model0_tested_eth16.dta not found)
file ./output/model0_tested_eth16.dta saved

         failure _d:  tested
   analysis time _t:  (stime_tested-origin)
             origin:  time indexdate
  enter on or after:  time indexdate
                 id:  patient_id

Stratified Cox regr. -- Breslow method for ties

No. of subjects =       66,904                  Number of obs    =   
>    66,904
No. of failures =          152
Time at risk    =     18864129
                                                LR chi2(22)      =   
>     16.20
Log likelihood  =   -1330.3117                  Prob > chi2      =   
>    0.8060

---------------------------------------------------------------------
> ---------
          _t | Haz. Ratio   Std. Err.      z    P>|z|     [95% Conf. 
> Interval]
-------------+-------------------------------------------------------
> ---------
ethnicity_16 |
      Irish  |   1.400354   .8200089     0.58   0.565     .4444241   
>  4.412433
Other White  |   1.201234   .7274251     0.30   0.762     .3665807   
>  3.936275
White + C..  |   .9845259   .6227226    -0.02   0.980     .2849926   
>  3.401111
White + A..  |   .9785454   .6189164    -0.03   0.973     .2832747   
>  3.380292
White + A..  |   1.197742   .7253395     0.30   0.766     .3654979   
>  3.925018
Other mixed  |   1.629106   .9288534     0.86   0.392     .5328768   
>  4.980485
     Indian  |   1.012243   .6402314     0.02   0.985     .2930286   
>  3.496708
  Pakistani  |   1.365354   .7995166     0.53   0.595     .4333147   
>  4.302167
Bangladeshi  |   2.600025   1.368396     1.82   0.069     .9268073   
>     7.294
Other Asian  |   2.017687   1.105227     1.28   0.200     .6895912   
>  5.903587
  Caribbean  |   1.850024   1.031986     1.10   0.270     .6199516   
>  5.520738
    African  |   1.227604   .7434027     0.34   0.735     .3746231   
>  4.022742
Other Black  |   1.452118    .850336     0.64   0.524     .4608424   
>  4.575634
    Chinese  |   1.020033   .6451722     0.03   0.975     .2952761   
>  3.523711
      Other  |   1.595244   .9095286     0.82   0.413     .5218122   
>  4.876855
    Unknown  |   1.516104    .719192     0.88   0.380      .598337   
>  3.841601
             |
        male |
       Male  |   1.337428   .2185409     1.78   0.075     .9709141   
>  1.842299
        age1 |   .9686088   .0211034    -1.46   0.143     .9281176   
>  1.010867
        age2 |   1.142551    .092817     1.64   0.101     .9743764   
>  1.339752
        age3 |   .6979947   .1516224    -1.66   0.098     .4559836   
>  1.068452
             |
         imd |
          4  |   .9635118   .1988955    -0.18   0.857      .642903   
>  1.444005
5 most de..  |   .9040368   .2568329    -0.36   0.723     .5180402   
>  1.577643
---------------------------------------------------------------------
> ---------
                                                    Stratified by stp

---------------------------------------------------------------------
active results
---------------------------------------------------------------------

Stratified Cox regr. -- Breslow method for ties

No. of subjects =       66,904                  Number of obs    =   
>    66,904
No. of failures =          152
Time at risk    =     18864129
                                                LR chi2(22)      =   
>     16.20
Log likelihood  =   -1330.3117                  Prob > chi2      =   
>    0.8060

---------------------------------------------------------------------
> ---------
          _t | Haz. Ratio   Std. Err.      z    P>|z|     [95% Conf. 
> Interval]
-------------+-------------------------------------------------------
> ---------
ethnicity_16 |
      Irish  |   1.400354   .8200089     0.58   0.565     .4444241   
>  4.412433
Other White  |   1.201234   .7274251     0.30   0.762     .3665807   
>  3.936275
White + C..  |   .9845259   .6227226    -0.02   0.980     .2849926   
>  3.401111
White + A..  |   .9785454   .6189164    -0.03   0.973     .2832747   
>  3.380292
White + A..  |   1.197742   .7253395     0.30   0.766     .3654979   
>  3.925018
Other mixed  |   1.629106   .9288534     0.86   0.392     .5328768   
>  4.980485
     Indian  |   1.012243   .6402314     0.02   0.985     .2930286   
>  3.496708
  Pakistani  |   1.365354   .7995166     0.53   0.595     .4333147   
>  4.302167
Bangladeshi  |   2.600025   1.368396     1.82   0.069     .9268073   
>     7.294
Other Asian  |   2.017687   1.105227     1.28   0.200     .6895912   
>  5.903587
  Caribbean  |   1.850024   1.031986     1.10   0.270     .6199516   
>  5.520738
    African  |   1.227604   .7434027     0.34   0.735     .3746231   
>  4.022742
Other Black  |   1.452118    .850336     0.64   0.524     .4608424   
>  4.575634
    Chinese  |   1.020033   .6451722     0.03   0.975     .2952761   
>  3.523711
      Other  |   1.595244   .9095286     0.82   0.413     .5218122   
>  4.876855
    Unknown  |   1.516104    .719192     0.88   0.380      .598337   
>  3.841601
             |
        male |
       Male  |   1.337428   .2185409     1.78   0.075     .9709141   
>  1.842299
        age1 |   .9686088   .0211034    -1.46   0.143     .9281176   
>  1.010867
        age2 |   1.142551    .092817     1.64   0.101     .9743764   
>  1.339752
        age3 |   .6979947   .1516224    -1.66   0.098     .4559836   
>  1.068452
             |
         imd |
          4  |   .9635118   .1988955    -0.18   0.857      .642903   
>  1.444005
5 most de..  |   .9040368   .2568329    -0.36   0.723     .5180402   
>  1.577643
---------------------------------------------------------------------
> ---------
                                                    Stratified by stp
(note: file ./output/model1_tested_eth16.ster not found)
file ./output/model1_tested_eth16.ster saved
(note: file ./output/model1_tested_eth16.dta not found)
file ./output/model1_tested_eth16.dta saved

         failure _d:  tested
   analysis time _t:  (stime_tested-origin)
             origin:  time indexdate
  enter on or after:  time indexdate
                 id:  patient_id
