----------------------------------------------------------
      name:  <unnamed>
       log:  /Users/lsh152058/Documents/GitHub/Ethnicity-2
> nd-wave/logs/08a_eth_an_infectedpop_eth16.log
  log type:  text
 opened on:  16 Jan 2021, 20:39:01

. 
. cap file close tablecontent

. file open tablecontent using ./output/table4_infectedpop
> _eth16_nocarehomes.txt, write text replace

. file write tablecontent ("Table 3: Odds of testing posit
> ive amongst those receiving a test - No care homes") _n

. file write tablecontent _tab ("Denominator") _tab ("Even
> t") _tab ("%") _tab ("Crude") _tab _tab ("Age/Sex Adjust
> ed") _tab _tab ("Age/Sex/IMD Adjusted") _tab _tab       
> ("plus co-morbidities") _tab _tab       ("plus hh size")
>   _n

. 
. file write tablecontent _tab _tab _tab _tab   ("OR") _ta
> b ("95% CI") _tab ("OR") _tab ("95% CI") _tab ("OR") _ta
> b ("95% CI") _tab ("OR") _tab ("95% CI") _tab ("95% CI")
>  _tab ("95% CI") _n

. 
. 
. foreach i of global outcomes {
  2. * Open Stata dataset
. use ./output/analysis_dataset.dta, clear
  3. 
. safecount
  4. 
. *define population as anyone who has received a test
. keep if positivetest==1
  5. safecount
  6. 
. keep if carehome==0
  7. safecount
  8. 
. 
. /* keep those with at least 30 days f-up after positivet
> est ====================================================
> ===*/ 
. gen fup=stime_`i'-positivetest_date
  9. sum fup
 10. drop if fup<30
 11. sum fup
 12. 
. /* Create outcomes to be within 30 days of positivetest 
> =======================================================*
> / 
. 
. gen `i'_30=0
 13. replace `i'_30=1 if (`i'_date - positivetest_date) <=
> 30  & `i'_date <= stime_`i'
 14. tab `i' `i'_30
 15. 
. /* Sense check outcomes=================================
> ======================*/ 
. safetab positivetest `i'_30
 16. 
. safetab ethnicity_16 `i'_30, missing row
 17. 
. 
. /* Main Model===========================================
> ======================*/
. 
. /* Univariable model */ 
. 
. cap logistic `i'_30 i.ethnicity_16 i.stp, nolog 
 18. cap estimates save ./output/crude_`i'_eth16, replace 
 19. cap parmest, label eform format(estimate p lb ub) sav
> ing(./output/crude_`i'_eth16, replace) idstr("crude_`i'_
> eth16") 
 20. cap eststo model1
 21. local hr "`hr' ./output/crude_`i'_eth16 "
 22. 
. 
. /* Multivariable models */ 
. *Age Gender
. cap logistic `i'_30 i.ethnicity_16 i.male age1 age2 age3
>  i.stp, nolog 
 23. cap estimates save ./output/model0_`i'_eth16, replace
>  
 24. cap parmest, label eform format(estimate p lb ub) sav
> ing(./output/model0_`i'_eth16, replace) idstr("model0_`i
> '_eth16") 
 25. cap eststo model2
 26. local hr "`hr' ./output/model0_`i'_eth16 "
 27. 
. * Age, Gender, IMD
. cap logistic `i'_30 i.ethnicity_16 i.male age1 age2 age3
>  i.imd i.stp , nolog 
 28. cap estimates save ./output/model1_`i'_eth16, replace
>  
 29. cap parmest, label eform format(estimate p lb ub) sav
> ing(./output/model1_`i'_eth16, replace) idstr("model1_`i
> '_eth16") 
 30. cap eststo model3
 31. local hr "`hr' ./output/model1_`i'_eth16 "
 32. 
. * Age, Gender, IMD and Comorbidities  
. cap logistic `i'_30 i.ethnicity_16 i.male age1 age2 age3
>         i.imd                                           
> ///
>                                                         
>                         i.bmicat_sa     i.hba1ccat      
>                 ///
>                                                         
>                         gp_consult_count                
>         ///
>                                                         
>                         i.smoke_nomiss                  
>         ///
>                                                         
>                         i.hypertension i.bp_cat         
> ///     
>                                                         
>                         i.asthma                        
>                 ///
>                                                         
>                         i.chronic_respiratory_disease //
> /
>                                                         
>                         i.chronic_cardiac_disease       
> ///
>                                                         
>                         i.dm_type                       
>                 ///     
>                                                         
>                         i.cancer                    ///
>                                                         
>                         i.chronic_liver_disease         
> ///
>                                                         
>                         i.stroke                        
>                 ///
>                                                         
>                         i.dementia                      
>                 ///
>                                                         
>                         i.other_neuro                   
>         ///
>                                                         
>                         i.egfr60                        
>                 ///
>                                                         
>                         i.esrf                          
>                 ///
>                                                         
>                         i.immunosuppressed              
>         ///
>                                                         
>                         i.ra_sle_psoriasis      i. stp, 
> nolog           
 33.                                                      
>                            
. cap estimates save ./output/model2_`i'_eth16, replace 
 34. cap parmest, label eform format(estimate p lb ub) sav
> ing(./output/model2_`i'_eth16, replace) idstr("model2_`i
> '_eth16") 
 35. cap eststo model4
 36. local hr "`hr' ./output/model2_`i'_eth16 "
 37. 
. * Age, Gender, IMD and Comorbidities  and household size
>  
. cap logistic `i'_30 i.ethnicity_16 i.male age1 age2 age3
>         i.imd                                           
> ///
>                                                         
>                         i.bmicat_sa     i.hba1ccat      
>                 ///
>                                                         
>                         gp_consult_count                
>         ///
>                                                         
>                         i.smoke_nomiss                  
>         ///
>                                                         
>                         i.hypertension i.bp_cat         
> ///     
>                                                         
>                         i.asthma                        
>                 ///
>                                                         
>                         i.chronic_respiratory_disease //
> /
>                                                         
>                         i.chronic_cardiac_disease       
> ///
>                                                         
>                         i.dm_type                       
>                 ///     
>                                                         
>                         i.cancer                    ///
>                                                         
>                         i.chronic_liver_disease         
> ///
>                                                         
>                         i.stroke                        
>                 ///
>                                                         
>                         i.dementia                      
>                 ///
>                                                         
>                         i.other_neuro                   
>         ///
>                                                         
>                         i.egfr60                        
>                 ///
>                                                         
>                         i.esrf                          
>                 ///
>                                                         
>                         i.immunosuppressed              
>         ///
>                                                         
>                         i.ra_sle_psoriasis              
>         ///
>                                                         
>                         i.hh_total_cat i.stp, nolog     
>         
 38.                                                      
>                            
. cap estimates save ./output/model3_`i'_eth16, replace 
 39. cap parmest, label eform format(estimate p lb ub) sav
> ing(./output/model3_`i'_eth16, replace) idstr("model3_`i
> '_eth16") 
 40. cap eststo model5
 41. local hr "`hr' ./output/model3_`i'_eth16 "
 42. 
. /* Estout===============================================
> =================*/ 
. cap esttab model1 model2 model3 model4 model5  using ./o
> utput/estout_table4_infectedpop_eth16_nocarehomes.txt, b
> (a2) ci(2) label wide compress eform ///
>         title ("`i'") ///
>         varlabels(`e(labels)') ///
>         stats(N_sub) ///
>         append 
 43. eststo clear
 44. 
. 
. 
. 
. /* Print table==========================================
> ======================*/ 
. *  Print the results for the main model 
. 
. 
. * Column headings 
. file write tablecontent ("`i'") _n
 45. 
. * eth16 labelled columns
. 
. local lab1: label ethnicity_16 1
 46. local lab2: label ethnicity_16 2
 47. local lab3: label ethnicity_16 3
 48. local lab4: label ethnicity_16 4
 49. local lab5: label ethnicity_16 5
 50. local lab6: label ethnicity_16 6
 51. local lab7: label ethnicity_16 7
 52. local lab8: label ethnicity_16 8
 53. local lab9: label ethnicity_16 9
 54. local lab10: label ethnicity_16 10
 55. local lab08: label ethnicity_16 08
 56. local lab12: label ethnicity_16 12
 57. local lab13: label ethnicity_16 13
 58. local lab14: label ethnicity_16 14
 59. local lab15: label ethnicity_16 15
 60. local lab16: label ethnicity_16 16
 61. local lab17: label ethnicity_16 17
 62. 
. /* Counts */
.  
. * First row, eth16 = 1 (White) reference cat
.         qui safecount if ethnicity_16==1
 63.         local denominator = r(N)
 64.         qui safecount if ethnicity_16 == 1 & `i' == 1
 65.         local event = r(N)
 66.         local pct =(`event'/`denominator')
 67.         file write tablecontent  ("`lab1'") _tab (`de
> nominator') _tab (`event') _tab %3.2f (`pct') _tab
 68.         file write tablecontent ("1.00") _tab _tab ("
> 1.00") _tab _tab ("1.00")  _tab _tab ("1.00") _tab _tab 
> ("1.00") _n
 69.         
. * Subsequent ethnic groups
. forvalues eth=2/17 {
 70.         qui safecount if ethnicity_16==`eth'
 71.         local denominator = r(N)
 72.         qui safecount if ethnicity_16 == `eth' & `i' 
> == 1
 73.         local event = r(N)
 74.         local pct =(`event'/`denominator')
 75.         file write tablecontent  ("`lab`eth''") _tab 
> (`denominator') _tab (`event') _tab %3.2f (`pct') _tab
 76.         cap estimates use ./output/crude_`i'_eth16" 
 77.         cap lincom `eth'.ethnicity_16, eform
 78.         file write tablecontent  %4.2f (r(estimate)) 
> _tab ("(") %4.2f (r(lb)) (" - ") %4.2f (r(ub)) (")") _ta
> b 
 79.         cap estimates clear
 80.         cap estimates use ./output/model0_`i'_eth16" 
 81.         cap lincom `eth'.ethnicity_16, eform
 82.         file write tablecontent  %4.2f (r(estimate)) 
> _tab ("(") %4.2f (r(lb)) (" - ") %4.2f (r(ub)) (")") _ta
> b 
 83.         cap estimates clear
 84.         cap estimates use ./output/model1_`i'_eth16" 
 85.         cap lincom `eth'.ethnicity_16, eform
 86.         file write tablecontent  %4.2f (r(estimate)) 
> _tab ("(") %4.2f (r(lb)) (" - ") %4.2f (r(ub)) (")") _ta
> b 
 87.         cap estimates clear
 88.         cap estimates use ./output/model2_`i'_eth16" 
 89.         cap lincom `eth'.ethnicity_16, eform
 90.         file write tablecontent  %4.2f (r(estimate)) 
> _tab ("(") %4.2f (r(lb)) (" - ") %4.2f (r(ub)) (")") _ta
> b 
 91.         cap estimates clear
 92.         cap estimates use ./output/model3_`i'_eth16" 
 93.         cap lincom `eth'.ethnicity_16, eform
 94.         file write tablecontent  %4.2f (r(estimate)) 
> _tab ("(") %4.2f (r(lb)) (" - ") %4.2f (r(ub)) (")") _n
 95. }  //end ethnic group
 96. 
. } //end outcomes
  78,759
(69,454 observations deleted)
  9,305
(1,412 observations deleted)
  7,893

    Variable |        Obs        Mean    Std. Dev.       M
> in        Max
-------------+--------------------------------------------
> -------------
         fup |      7,893    29.00988     24.0195        -
> 66         68
(3,962 observations deleted)

    Variable |        Obs        Mean    Std. Dev.       M
> in        Max
-------------+--------------------------------------------
> -------------
         fup |      3,931    48.74536    11.17344         
> 30         68
(4 real changes made)

   outcome |        hes_30
       hes |         0          1 |     Total
-----------+----------------------+----------
         0 |     3,768          0 |     3,768 
         1 |       159          4 |       163 
-----------+----------------------+----------
     Total |     3,927          4 |     3,931 

**TABLE OF positivetest hes_30 REDACTED DUE TO SMALL N**


**TABLE OF ethnicity_16 hes_30 REDACTED DUE TO SMALL N**

  78,759
(69,454 observations deleted)
  9,305
(1,412 observations deleted)
  7,893

    Variable |        Obs        Mean    Std. Dev.       M
> in        Max
-------------+--------------------------------------------
> -------------
         fup |      7,893    33.30141    19.95768         
>  0         68
(3,577 observations deleted)

    Variable |        Obs        Mean    Std. Dev.       M
> in        Max
-------------+--------------------------------------------
> -------------
         fup |      4,316    48.93582      11.211         
> 30         68
(5 real changes made)

   outcome |
onscovidde |   onscoviddeath_30
       ath |         0          1 |     Total
-----------+----------------------+----------
         0 |     4,270          0 |     4,270 
         1 |        41          5 |        46 
-----------+----------------------+----------
     Total |     4,311          5 |     4,316 

**TABLE OF positivetest onscoviddeath_30 REDACTED DUE TO S
> MALL N**


**TABLE OF ethnicity_16 onscoviddeath_30 REDACTED DUE TO S
> MALL N**

  78,759
(69,454 observations deleted)
  9,305
(1,412 observations deleted)
  7,893

    Variable |        Obs        Mean    Std. Dev.       M
> in        Max
-------------+--------------------------------------------
> -------------
         fup |      7,893    33.30141    19.95768         
>  0         68
(3,577 observations deleted)

    Variable |        Obs        Mean    Std. Dev.       M
> in        Max
-------------+--------------------------------------------
> -------------
         fup |      4,316    48.93582      11.211         
> 30         68
(12 real changes made)

   outcome |
ons_noncov | ons_noncoviddeath_30
   iddeath |         0          1 |     Total
-----------+----------------------+----------
         0 |     4,197          0 |     4,197 
         1 |       107         12 |       119 
-----------+----------------------+----------
     Total |     4,304         12 |     4,316 

   outcome |
positivete | ons_noncoviddeath_30
        st |         0          1 |     Total
-----------+----------------------+----------
         1 |     4,304         12 |     4,316 
-----------+----------------------+----------
     Total |     4,304         12 |     4,316 

**TABLE OF ethnicity_16 ons_noncoviddeath_30 REDACTED DUE 
> TO SMALL N**

  78,759
(69,454 observations deleted)
  9,305
(1,412 observations deleted)
  7,893

    Variable |        Obs        Mean    Std. Dev.       M
> in        Max
-------------+--------------------------------------------
> -------------
         fup |      7,893    33.30141    19.95768         
>  0         68
(3,577 observations deleted)

    Variable |        Obs        Mean    Std. Dev.       M
> in        Max
-------------+--------------------------------------------
> -------------
         fup |      4,316    48.93582      11.211         
> 30         68
(17 real changes made)

   outcome |      onsdeath_30
  onsdeath |         0          1 |     Total
-----------+----------------------+----------
         0 |     4,151          0 |     4,151 
         1 |       148         17 |       165 
-----------+----------------------+----------
     Total |     4,299         17 |     4,316 

   outcome |
positivete |      onsdeath_30
        st |         0          1 |     Total
-----------+----------------------+----------
         1 |     4,299         17 |     4,316 
-----------+----------------------+----------
     Total |     4,299         17 |     4,316 

**TABLE OF ethnicity_16 onsdeath_30 REDACTED DUE TO SMALL 
> N**

